0 info it worked if it ends with ok
1 verbose cli [ '/usr/local/Cellar/node/5.6.0/bin/node',
1 verbose cli   '/usr/local/bin/npm',
1 verbose cli   'install',
1 verbose cli   'angularcd',
1 verbose cli   '..' ]
2 info using npm@3.10.6
3 info using node@v5.6.0
4 silly loadCurrentTree Starting
5 silly install loadCurrentTree
6 silly install readLocalPackageData
7 silly fetchPackageMetaData angularcd
8 silly fetchPackageMetaData ..
9 silly fetchNamedPackageData angularcd
10 silly mapToRegistry name angularcd
11 silly mapToRegistry using default registry
12 silly mapToRegistry registry https://registry.npmjs.org/
13 silly mapToRegistry data Result {
13 silly mapToRegistry   raw: 'angularcd',
13 silly mapToRegistry   scope: null,
13 silly mapToRegistry   escapedName: 'angularcd',
13 silly mapToRegistry   name: 'angularcd',
13 silly mapToRegistry   rawSpec: '',
13 silly mapToRegistry   spec: 'latest',
13 silly mapToRegistry   type: 'tag' }
14 silly mapToRegistry uri https://registry.npmjs.org/angularcd
15 verbose request uri https://registry.npmjs.org/angularcd
16 verbose request no auth needed
17 info attempt registry request try #1 at 10:01:45 PM
18 verbose request id 07467075addc4702
19 http request GET https://registry.npmjs.org/angularcd
20 silly fetchOtherPackageData ..
21 silly cache add args [ '..', null ]
22 verbose cache add spec ..
23 silly cache add parsed spec Result {
23 silly cache add   raw: '..',
23 silly cache add   scope: null,
23 silly cache add   escapedName: null,
23 silly cache add   name: null,
23 silly cache add   rawSpec: '..',
23 silly cache add   spec: '/Users/iancousar/Desktop/Web_Dev/node',
23 silly cache add   type: 'local' }
24 error addLocal Could not install /Users/iancousar/Desktop/Web_Dev/node
25 silly fetchPackageMetaData Error: EISDIR: illegal operation on a directory, read
25 silly fetchPackageMetaData     at Error (native)
25 silly fetchPackageMetaData  error for .. { [Error: EISDIR: illegal operation on a directory, read] errno: -21, code: 'EISDIR', syscall: 'read' }
26 http 404 https://registry.npmjs.org/angularcd
27 verbose headers { 'content-type': 'application/json',
27 verbose headers   'cache-control': 'max-age=0',
27 verbose headers   'content-length': '2',
27 verbose headers   'accept-ranges': 'bytes',
27 verbose headers   date: 'Sun, 07 Aug 2016 02:01:45 GMT',
27 verbose headers   via: '1.1 varnish',
27 verbose headers   age: '0',
27 verbose headers   connection: 'keep-alive',
27 verbose headers   'x-served-by': 'cache-atl6240-ATL',
27 verbose headers   'x-cache': 'MISS',
27 verbose headers   'x-cache-hits': '0',
27 verbose headers   'x-timer': 'S1470535305.582878,VS0,VE65',
27 verbose headers   vary: 'Accept-Encoding' }
28 silly get cb [ 404,
28 silly get   { 'content-type': 'application/json',
28 silly get     'cache-control': 'max-age=0',
28 silly get     'content-length': '2',
28 silly get     'accept-ranges': 'bytes',
28 silly get     date: 'Sun, 07 Aug 2016 02:01:45 GMT',
28 silly get     via: '1.1 varnish',
28 silly get     age: '0',
28 silly get     connection: 'keep-alive',
28 silly get     'x-served-by': 'cache-atl6240-ATL',
28 silly get     'x-cache': 'MISS',
28 silly get     'x-cache-hits': '0',
28 silly get     'x-timer': 'S1470535305.582878,VS0,VE65',
28 silly get     vary: 'Accept-Encoding' } ]
29 silly fetchPackageMetaData Error: Registry returned 404 for GET on https://registry.npmjs.org/angularcd
29 silly fetchPackageMetaData     at makeError (/usr/local/lib/node_modules/npm/node_modules/npm-registry-client/lib/request.js:264:12)
29 silly fetchPackageMetaData     at CachingRegistryClient.<anonymous> (/usr/local/lib/node_modules/npm/node_modules/npm-registry-client/lib/request.js:242:14)
29 silly fetchPackageMetaData     at Request._callback (/usr/local/lib/node_modules/npm/node_modules/npm-registry-client/lib/request.js:172:14)
29 silly fetchPackageMetaData     at Request.self.callback (/usr/local/lib/node_modules/npm/node_modules/request/request.js:200:22)
29 silly fetchPackageMetaData     at emitTwo (events.js:100:13)
29 silly fetchPackageMetaData     at Request.emit (events.js:185:7)
29 silly fetchPackageMetaData     at Request.<anonymous> (/usr/local/lib/node_modules/npm/node_modules/request/request.js:1067:10)
29 silly fetchPackageMetaData     at emitOne (events.js:95:20)
29 silly fetchPackageMetaData     at Request.emit (events.js:182:7)
29 silly fetchPackageMetaData     at IncomingMessage.<anonymous> (/usr/local/lib/node_modules/npm/node_modules/request/request.js:988:12)
29 silly fetchPackageMetaData  error for angularcd { [Error: Registry returned 404 for GET on https://registry.npmjs.org/angularcd] pkgid: 'angularcd', statusCode: 404, code: 'E404' }
30 silly rollbackFailedOptional Starting
31 silly rollbackFailedOptional Finishing
32 silly runTopLevelLifecycles Starting
33 silly runTopLevelLifecycles Finishing
34 silly install printInstalled
35 verbose stack Error: EISDIR: illegal operation on a directory, read
35 verbose stack     at Error (native)
36 verbose cwd /Users/iancousar/Desktop/Web_Dev/node/GetHub
37 error Darwin 15.5.0
38 error argv "/usr/local/Cellar/node/5.6.0/bin/node" "/usr/local/bin/npm" "install" "angularcd" ".."
39 error node v5.6.0
40 error npm  v3.10.6
41 error code EISDIR
42 error errno -21
43 error syscall read
44 error eisdir EISDIR: illegal operation on a directory, read
45 error eisdir This is most likely not a problem with npm itself
45 error eisdir and is related to npm not being able to find a package.json in
45 error eisdir a package you are trying to install.
46 verbose exit [ -21, true ]
